2025-12-16 13:13:44,716 [Worker-2: Loading available Gradle versions] INFO  o.e.b.c.i.u.g.PublishedGradleVersions - Gradle version information cache is out-of-date. Trying to update.
2025-12-16 13:14:01,855 [Worker-14: Update Maven projects configuration] INFO  o.e.m.c.i.p.ProjectConfigurationManager - Update started
2025-12-16 13:14:04,203 [Worker-14: Update Maven projects configuration] INFO  o.e.m.c.i.l.LifecycleMappingFactory - Using org.eclipse.m2e.jdt.JarLifecycleMapping lifecycle mapping for MavenProject: com.TCS.EIS:APIADMIN:0.0.1-SNAPSHOT @ C:\Users\DENNY SANTHOSH\Downloads\APIADMIN\APIADMIN\pom.xml.
2025-12-16 13:14:06,693 [Worker-14: Update Maven projects configuration] INFO  o.e.m.j.i.AbstractJavaProjectConfigurator - Adding source folder /APIADMIN_APIADMIN/src/main/java
2025-12-16 13:14:06,700 [Worker-14: Update Maven projects configuration] INFO  o.e.m.j.i.AbstractJavaProjectConfigurator - Adding resource folder /APIADMIN_APIADMIN/src/main/resources
2025-12-16 13:14:06,724 [Worker-14: Update Maven projects configuration] INFO  o.e.m.j.i.AbstractJavaProjectConfigurator - Adding resource folder /APIADMIN_APIADMIN/src/main/resources
2025-12-16 13:14:06,726 [Worker-14: Update Maven projects configuration] INFO  o.e.m.j.i.AbstractJavaProjectConfigurator - Adding source folder /APIADMIN_APIADMIN/src/test/java
2025-12-16 13:14:06,728 [Worker-14: Update Maven projects configuration] INFO  o.e.m.j.i.AbstractJavaProjectConfigurator - Adding resource folder /APIADMIN_APIADMIN/src/test/resources
2025-12-16 13:14:08,818 [Worker-14: Update Maven projects configuration] INFO  o.e.m.c.i.p.ProjectConfigurationManager - Update completed for 1 poms: local refresh takes 0.00 sec, refresh facades takes 3.00 sec, update config takes 2.00 sec 
2025-12-16 13:14:09,399 [Worker-14: Building] INFO  o.a.m.s.f.DefaultMavenResourcesFiltering - Copying 1 resource from src\main\resources to target\classes
2025-12-16 13:14:09,425 [Worker-14: Building] INFO  o.a.m.s.f.DefaultMavenResourcesFiltering - Copying 0 resource from src\main\resources to target\classes
2025-12-16 13:14:09,433 [Worker-14: Building] INFO  o.a.m.s.f.DefaultMavenResourcesFiltering - skip non existing resourceDirectory C:\Users\DENNY SANTHOSH\Downloads\APIADMIN\APIADMIN\src\test\resources
2025-12-16 13:14:33,058 [Worker-23: Updating Maven Project] INFO  o.e.m.c.i.p.ProjectConfigurationManager - Update started
2025-12-16 13:14:33,565 [Worker-23: Updating Maven Project] INFO  o.e.m.c.i.l.LifecycleMappingFactory - Using org.eclipse.m2e.jdt.JarLifecycleMapping lifecycle mapping for MavenProject: com.TCS.EIS:APIADMIN:0.0.1-SNAPSHOT @ C:\Users\DENNY SANTHOSH\Downloads\APIADMIN\APIADMIN\pom.xml.
2025-12-16 13:14:34,205 [Worker-23: Updating Maven Project] INFO  o.e.m.j.i.AbstractJavaProjectConfigurator - Adding source folder /APIADMIN_APIADMIN/src/main/java
2025-12-16 13:14:34,205 [Worker-23: Updating Maven Project] INFO  o.e.m.j.i.AbstractJavaProjectConfigurator - Adding resource folder /APIADMIN_APIADMIN/src/main/resources
2025-12-16 13:14:34,206 [Worker-23: Updating Maven Project] INFO  o.e.m.j.i.AbstractJavaProjectConfigurator - Adding resource folder /APIADMIN_APIADMIN/src/main/resources
2025-12-16 13:14:34,207 [Worker-23: Updating Maven Project] INFO  o.e.m.j.i.AbstractJavaProjectConfigurator - Adding source folder /APIADMIN_APIADMIN/src/test/java
2025-12-16 13:14:34,207 [Worker-23: Updating Maven Project] INFO  o.e.m.j.i.AbstractJavaProjectConfigurator - Adding resource folder /APIADMIN_APIADMIN/src/test/resources
2025-12-16 13:14:34,617 [Worker-23: Updating Maven Project] INFO  o.e.m.c.i.p.ProjectConfigurationManager - Update completed for 1 poms: local refresh takes 0.00 sec, refresh facades takes 1.00 sec, update config takes 0.00 sec 
2025-12-16 13:14:34,925 [Worker-12: Building] INFO  o.a.m.s.f.DefaultMavenResourcesFiltering - Copying 1 resource from src\main\resources to target\classes
2025-12-16 13:14:34,946 [Worker-12: Building] INFO  o.a.m.s.f.DefaultMavenResourcesFiltering - Copying 0 resource from src\main\resources to target\classes
2025-12-16 13:14:34,952 [Worker-12: Building] INFO  o.a.m.s.f.DefaultMavenResourcesFiltering - skip non existing resourceDirectory C:\Users\DENNY SANTHOSH\Downloads\APIADMIN\APIADMIN\src\test\resources
